0 info it worked if it ends with ok
1 verbose cli [ 'C:\\Program Files\\nodejs\\node.exe',
1 verbose cli   'C:\\Program Files\\nodejs\\node_modules\\npm\\bin\\npm-cli.js',
1 verbose cli   'run',
1 verbose cli   'watch' ]
2 info using npm@3.10.9
3 info using node@v6.9.2
4 verbose run-script [ 'prewatch', 'watch', 'postwatch' ]
5 info lifecycle portfolio@1.0.0~prewatch: portfolio@1.0.0
6 silly lifecycle portfolio@1.0.0~prewatch: no script for prewatch, continuing
7 info lifecycle portfolio@1.0.0~watch: portfolio@1.0.0
8 verbose lifecycle portfolio@1.0.0~watch: unsafe-perm in lifecycle true
9 verbose lifecycle portfolio@1.0.0~watch: PATH: C:\Program Files\nodejs\node_modules\npm\bin\node-gyp-bin;C:\Users\fleis\Development\Web\orfleisher_portfolio\node_modules\.bin;C:\ProgramData\Oracle\Java\javapath;C:\Program Files (x86)\Razer Chroma SDK\bin;C:\Program Files\Razer Chroma SDK\bin;C:\Windows\system32;C:\Windows;C:\Windows\System32\Wbem;C:\Windows\System32\WindowsPowerShell\v1.0\;C:\Program Files\Microsoft SQL Server\130\Tools\Binn\;C:\Program Files\dotnet\;C:\WINDOWS\system32;C:\WINDOWS;C:\WINDOWS\System32\Wbem;C:\WINDOWS\System32\WindowsPowerShell\v1.0\;C:\Program Files\Microsoft\Web Platform Installer\;C:\Program Files\Microsoft DNX\Dnvm\;C:\Program Files (x86)\Microsoft SDKs\Azure\CLI\wbin;C:\Program Files\Microsoft Service Fabric\bin\Fabric\Fabric.Code;C:\Program Files\Microsoft SDKs\Service Fabric\Tools\ServiceFabricLocalClusterManager;C:\Program Files\nodejs\;C:\Program Files (x86)\Microsoft SQL Server\110\DTS\Binn\;C:\Program Files (x86)\Microsoft SQL Server\120\DTS\Binn\;C:\Program Files (x86)\Microsoft SQL Server\130\DTS\Binn\;C:\Program Files (x86)\GtkSharp\2.12\bin;C:\Program Files (x86)\Windows Kits\8.1\Windows Performance Toolkit\;C:\Program Files\Csound6_x64\bin;C:\Program Files (x86)\WinMerge;C:\Program Files\MATLAB\R2016b\bin;;C:\Program Files (x86)\Microsoft VS Code\bin;C:\Users\fleis\AppData\Local\Microsoft\WindowsApps;C:\Users\fleis\AppData\Roaming\npm
10 verbose lifecycle portfolio@1.0.0~watch: CWD: C:\Users\fleis\Development\Web\orfleisher_portfolio
11 silly lifecycle portfolio@1.0.0~watch: Args: [ '/d /s /c', 'watchify src/js/app.js -o dist/bundle.js -v' ]
12 silly lifecycle portfolio@1.0.0~watch: Returned: code: 3221225786  signal: null
13 info lifecycle portfolio@1.0.0~watch: Failed to exec watch script
14 verbose stack Error: portfolio@1.0.0 watch: `watchify src/js/app.js -o dist/bundle.js -v`
14 verbose stack Exit status 3221225786
14 verbose stack     at EventEmitter.<anonymous> (C:\Program Files\nodejs\node_modules\npm\lib\utils\lifecycle.js:255:16)
14 verbose stack     at emitTwo (events.js:106:13)
14 verbose stack     at EventEmitter.emit (events.js:191:7)
14 verbose stack     at ChildProcess.<anonymous> (C:\Program Files\nodejs\node_modules\npm\lib\utils\spawn.js:40:14)
14 verbose stack     at emitTwo (events.js:106:13)
14 verbose stack     at ChildProcess.emit (events.js:191:7)
14 verbose stack     at maybeClose (internal/child_process.js:877:16)
14 verbose stack     at Process.ChildProcess._handle.onexit (internal/child_process.js:226:5)
15 verbose pkgid portfolio@1.0.0
16 verbose cwd C:\Users\fleis\Development\Web\orfleisher_portfolio
17 error Windows_NT 10.0.14393
18 error argv "C:\\Program Files\\nodejs\\node.exe" "C:\\Program Files\\nodejs\\node_modules\\npm\\bin\\npm-cli.js" "run" "watch"
19 error node v6.9.2
20 error npm  v3.10.9
21 error code ELIFECYCLE
22 error portfolio@1.0.0 watch: `watchify src/js/app.js -o dist/bundle.js -v`
22 error Exit status 3221225786
23 error Failed at the portfolio@1.0.0 watch script 'watchify src/js/app.js -o dist/bundle.js -v'.
23 error Make sure you have the latest version of node.js and npm installed.
23 error If you do, this is most likely a problem with the portfolio package,
23 error not with npm itself.
23 error Tell the author that this fails on your system:
23 error     watchify src/js/app.js -o dist/bundle.js -v
23 error You can get information on how to open an issue for this project with:
23 error     npm bugs portfolio
23 error Or if that isn't available, you can get their info via:
23 error     npm owner ls portfolio
23 error There is likely additional logging output above.
24 verbose exit [ 1, true ]
